<?xml version="1.0" encoding="UTF-8"?>
<coverage generated="1751713820047" clover="3.2.0">
  <project timestamp="1751713820048" name="All files">
    <metrics statements="35" coveredstatements="35" conditionals="14" coveredconditionals="14" methods="6" coveredmethods="6" elements="55" coveredelements="55" complexity="0" loc="35" ncloc="35" packages="1" files="1" classes="1"/>
    <file name="StringCalculator.js" path="D:\String-Calculator_TDD\src\StringCalculator.js">
      <metrics statements="35" coveredstatements="35" conditionals="14" coveredconditionals="14" methods="6" coveredmethods="6"/>
      <line num="3" count="18" type="cond" truecount="2" falsecount="0"/>
      <line num="4" count="1" type="stmt"/>
      <line num="7" count="17" type="stmt"/>
      <line num="9" count="17" type="stmt"/>
      <line num="10" count="17" type="stmt"/>
      <line num="11" count="30" type="stmt"/>
      <line num="14" count="17" type="stmt"/>
      <line num="15" count="17" type="stmt"/>
      <line num="19" count="17" type="cond" truecount="2" falsecount="0"/>
      <line num="20" count="6" type="stmt"/>
      <line num="21" count="6" type="stmt"/>
      <line num="22" count="6" type="stmt"/>
      <line num="24" count="6" type="stmt"/>
      <line num="25" count="6" type="stmt"/>
      <line num="27" count="11" type="stmt"/>
      <line num="31" count="6" type="stmt"/>
      <line num="32" count="6" type="cond" truecount="4" falsecount="0"/>
      <line num="33" count="3" type="stmt"/>
      <line num="36" count="3" type="stmt"/>
      <line num="37" count="5" type="stmt"/>
      <line num="40" count="3" type="stmt"/>
      <line num="42" count="6" type="stmt"/>
      <line num="46" count="17" type="stmt"/>
      <line num="50" count="17" type="stmt"/>
      <line num="51" count="17" type="stmt"/>
      <line num="53" count="17" type="stmt"/>
      <line num="54" count="50" type="stmt"/>
      <line num="55" count="50" type="cond" truecount="2" falsecount="0"/>
      <line num="56" count="4" type="stmt"/>
      <line num="57" count="46" type="cond" truecount="2" falsecount="0"/>
      <line num="58" count="45" type="stmt"/>
      <line num="62" count="17" type="cond" truecount="2" falsecount="0"/>
      <line num="63" count="2" type="stmt"/>
      <line num="66" count="15" type="stmt"/>
      <line num="70" count="1" type="stmt"/>
    </file>
  </project>
</coverage>
