{"D:\\String-Calculator_TDD\\src\\StringCalculator.js": {"path":"D:\\String-Calculator_TDD\\src\\StringCalculator.js","statementMap":{"0":{"start":{"line":3,"column":4},"end":{"line":5,"column":5}},"1":{"start":{"line":4,"column":6},"end":{"line":4,"column":15}},"2":{"start":{"line":7,"column":42},"end":{"line":7,"column":82}},"3":{"start":{"line":9,"column":30},"end":{"line":9,"column":81}},"4":{"start":{"line":10,"column":27},"end":{"line":12,"column":21}},"5":{"start":{"line":11,"column":6},"end":{"line":11,"column":49}},"6":{"start":{"line":14,"column":18},"end":{"line":14,"column":57}},"7":{"start":{"line":15,"column":4},"end":{"line":15,"column":36}},"8":{"start":{"line":19,"column":4},"end":{"line":26,"column":5}},"9":{"start":{"line":20,"column":32},"end":{"line":20,"column":53}},"10":{"start":{"line":21,"column":28},"end":{"line":21,"column":67}},"11":{"start":{"line":22,"column":28},"end":{"line":22,"column":68}},"12":{"start":{"line":24,"column":25},"end":{"line":24,"column":60}},"13":{"start":{"line":25,"column":6},"end":{"line":25,"column":43}},"14":{"start":{"line":27,"column":4},"end":{"line":27,"column":62}},"15":{"start":{"line":31,"column":23},"end":{"line":31,"column":25}},"16":{"start":{"line":32,"column":4},"end":{"line":41,"column":5}},"17":{"start":{"line":33,"column":27},"end":{"line":33,"column":42}},"18":{"start":{"line":36,"column":6},"end":{"line":38,"column":7}},"19":{"start":{"line":37,"column":8},"end":{"line":37,"column":34}},"20":{"start":{"line":40,"column":6},"end":{"line":40,"column":37}},"21":{"start":{"line":42,"column":4},"end":{"line":42,"column":22}},"22":{"start":{"line":46,"column":4},"end":{"line":46,"column":25}},"23":{"start":{"line":50,"column":28},"end":{"line":50,"column":30}},"24":{"start":{"line":51,"column":14},"end":{"line":51,"column":15}},"25":{"start":{"line":53,"column":4},"end":{"line":60,"column":5}},"26":{"start":{"line":54,"column":21},"end":{"line":54,"column":35}},"27":{"start":{"line":55,"column":6},"end":{"line":59,"column":7}},"28":{"start":{"line":56,"column":8},"end":{"line":56,"column":37}},"29":{"start":{"line":57,"column":13},"end":{"line":59,"column":7}},"30":{"start":{"line":58,"column":8},"end":{"line":58,"column":22}},"31":{"start":{"line":62,"column":4},"end":{"line":64,"column":5}},"32":{"start":{"line":63,"column":6},"end":{"line":63,"column":83}},"33":{"start":{"line":66,"column":4},"end":{"line":66,"column":15}},"34":{"start":{"line":70,"column":0},"end":{"line":70,"column":34}}},"fnMap":{"0":{"name":"(anonymous_0)","decl":{"start":{"line":2,"column":2},"end":{"line":2,"column":3}},"loc":{"start":{"line":2,"column":15},"end":{"line":16,"column":3}},"line":2},"1":{"name":"(anonymous_1)","decl":{"start":{"line":10,"column":53},"end":{"line":10,"column":54}},"loc":{"start":{"line":11,"column":6},"end":{"line":11,"column":49}},"line":11},"2":{"name":"(anonymous_2)","decl":{"start":{"line":18,"column":2},"end":{"line":18,"column":3}},"loc":{"start":{"line":18,"column":38},"end":{"line":28,"column":3}},"line":18},"3":{"name":"(anonymous_3)","decl":{"start":{"line":30,"column":2},"end":{"line":30,"column":3}},"loc":{"start":{"line":30,"column":33},"end":{"line":43,"column":3}},"line":30},"4":{"name":"(anonymous_4)","decl":{"start":{"line":45,"column":2},"end":{"line":45,"column":3}},"loc":{"start":{"line":45,"column":49},"end":{"line":47,"column":3}},"line":45},"5":{"name":"(anonymous_5)","decl":{"start":{"line":49,"column":2},"end":{"line":49,"column":3}},"loc":{"start":{"line":49,"column":22},"end":{"line":67,"column":3}},"line":49}},"branchMap":{"0":{"loc":{"start":{"line":3,"column":4},"end":{"line":5,"column":5}},"type":"if","locations":[{"start":{"line":3,"column":4},"end":{"line":5,"column":5}},{"start":{},"end":{}}],"line":3},"1":{"loc":{"start":{"line":19,"column":4},"end":{"line":26,"column":5}},"type":"if","locations":[{"start":{"line":19,"column":4},"end":{"line":26,"column":5}},{"start":{},"end":{}}],"line":19},"2":{"loc":{"start":{"line":32,"column":4},"end":{"line":41,"column":5}},"type":"if","locations":[{"start":{"line":32,"column":4},"end":{"line":41,"column":5}},{"start":{"line":39,"column":11},"end":{"line":41,"column":5}}],"line":32},"3":{"loc":{"start":{"line":32,"column":8},"end":{"line":32,"column":68}},"type":"binary-expr","locations":[{"start":{"line":32,"column":8},"end":{"line":32,"column":37}},{"start":{"line":32,"column":41},"end":{"line":32,"column":68}}],"line":32},"4":{"loc":{"start":{"line":55,"column":6},"end":{"line":59,"column":7}},"type":"if","locations":[{"start":{"line":55,"column":6},"end":{"line":59,"column":7}},{"start":{"line":57,"column":13},"end":{"line":59,"column":7}}],"line":55},"5":{"loc":{"start":{"line":57,"column":13},"end":{"line":59,"column":7}},"type":"if","locations":[{"start":{"line":57,"column":13},"end":{"line":59,"column":7}},{"start":{},"end":{}}],"line":57},"6":{"loc":{"start":{"line":62,"column":4},"end":{"line":64,"column":5}},"type":"if","locations":[{"start":{"line":62,"column":4},"end":{"line":64,"column":5}},{"start":{},"end":{}}],"line":62}},"s":{"0":18,"1":1,"2":17,"3":17,"4":17,"5":30,"6":17,"7":17,"8":17,"9":6,"10":6,"11":6,"12":6,"13":6,"14":11,"15":6,"16":6,"17":3,"18":3,"19":5,"20":3,"21":6,"22":17,"23":17,"24":17,"25":17,"26":50,"27":50,"28":4,"29":46,"30":45,"31":17,"32":2,"33":15,"34":1},"f":{"0":18,"1":30,"2":17,"3":6,"4":17,"5":17},"b":{"0":[1,17],"1":[6,11],"2":[3,3],"3":[6,3],"4":[4,46],"5":[45,1],"6":[2,15]},"_coverageSchema":"1a1c01bbd47fc00a2c39e90264f33305004495a9","hash":"72ed93a39b1f62eaee8b6025c103e2755bbe4e2f"}
}
