TN:
SF:src\StringCalculator.js
FN:2,(anonymous_0)
FN:10,(anonymous_1)
FN:18,(anonymous_2)
FN:30,(anonymous_3)
FN:45,(anonymous_4)
FN:49,(anonymous_5)
FNF:6
FNH:6
FNDA:18,(anonymous_0)
FNDA:30,(anonymous_1)
FNDA:17,(anonymous_2)
FNDA:6,(anonymous_3)
FNDA:17,(anonymous_4)
FNDA:17,(anonymous_5)
DA:3,18
DA:4,1
DA:7,17
DA:9,17
DA:10,17
DA:11,30
DA:14,17
DA:15,17
DA:19,17
DA:20,6
DA:21,6
DA:22,6
DA:24,6
DA:25,6
DA:27,11
DA:31,6
DA:32,6
DA:33,3
DA:36,3
DA:37,5
DA:40,3
DA:42,6
DA:46,17
DA:50,17
DA:51,17
DA:53,17
DA:54,50
DA:55,50
DA:56,4
DA:57,46
DA:58,45
DA:62,17
DA:63,2
DA:66,15
DA:70,1
LF:35
LH:35
BRDA:3,0,0,1
BRDA:3,0,1,17
BRDA:19,1,0,6
BRDA:19,1,1,11
BRDA:32,2,0,3
BRDA:32,2,1,3
BRDA:32,3,0,6
BRDA:32,3,1,3
BRDA:55,4,0,4
BRDA:55,4,1,46
BRDA:57,5,0,45
BRDA:57,5,1,1
BRDA:62,6,0,2
BRDA:62,6,1,15
BRF:14
BRH:14
end_of_record
